Arguments: 
  C:\Program Files\nodejs\node.exe C:\Program Files (x86)\Yarn\bin\yarn.js add babel-plugin-transform-decorators-legacy

PATH: 
  C:\Windows\system32;C:\Windows;C:\Windows\System32\Wbem;C:\Windows\System32\WindowsPowerShell\v1.0\;C:\Program Files (x86)\IBM\Personal Communications\;C:\Program Files (x86)\IBM\Trace Facility\;C:\Program Files (x86)\Windows Kits\8.1\Windows Performance Toolkit\;C:\Program Files\Microsoft SQL Server\110\Tools\Binn\;C:\Program Files (x86)\Microsoft SDKs\TypeScript\1.0\;C:\Program Files\Microsoft SQL Server\120\Tools\Binn\;C:\Program Files (x86)\Microsoft SQL Server\Client SDK\ODBC\130\Tools\Binn\;C:\Program Files (x86)\Microsoft SQL Server\140\Tools\Binn\;C:\Program Files (x86)\Microsoft SQL Server\140\DTS\Binn\;C:\Program Files (x86)\Microsoft SQL Server\140\Tools\Binn\ManagementStudio\;C:\Program Files\dotnet\;C:\Program Files\Microsoft SQL Server\130\Tools\Binn\;C:\Program Files\Microsoft VS Code\bin;C:\Program Files\nodejs\;C:\Program Files\Git\cmd;C:\Program Files (x86)\Yarn\bin\;C:\Users\amura_f\AppData\Local\atom\bin;C:\Users\amura_f\AppData\Local\GitHubDesktop\bin;C:\Users\amura_f\AppData\Roaming\npm;C:\Users\amura_f\AppData\Local\Programs\Microsoft VS Code\bin;C:\Users\amura_f\AppData\Local\Yarn\bin

Yarn version: 
  1.9.4

Node version: 
  8.11.4

Platform: 
  win32 x64

Trace: 
  Error: Invalid protocol: 172.16.39.10:
      at Request.module.exports.Request.init (C:\Program Files (x86)\Yarn\lib\cli.js:137737:31)
      at new Request (C:\Program Files (x86)\Yarn\lib\cli.js:137410:8)
      at request (C:\Program Files (x86)\Yarn\lib\cli.js:126685:10)
      at RequestManager.execute (C:\Program Files (x86)\Yarn\lib\cli.js:64254:15)
      at RequestManager.shiftQueue (C:\Program Files (x86)\Yarn\lib\cli.js:64281:10)
      at C:\Program Files (x86)\Yarn\lib\cli.js:64032:13
      at new Promise (<anonymous>)
      at new F (C:\Program Files (x86)\Yarn\lib\cli.js:23624:28)
      at RequestManager.request (C:\Program Files (x86)\Yarn\lib\cli.js:64030:19)
      at NpmRegistry.request (C:\Program Files (x86)\Yarn\lib\cli.js:33715:32)

npm manifest: 
  {
    "name": "VecinoVirtual",
    "version": "0.1.0",
    "private": true,
    "dependencies": {
      "@material-ui/core": "^3.0.1",
      "@material-ui/icons": "^3.0.1",
      "autoprefixer": "7.1.6",
      "babel-core": "6.26.0",
      "babel-eslint": "7.2.3",
      "babel-jest": "20.0.3",
      "babel-loader": "7.1.2",
      "babel-preset-react-app": "^3.1.2",
      "babel-runtime": "6.26.0",
      "case-sensitive-paths-webpack-plugin": "2.1.1",
      "chalk": "1.1.3",
      "css-loader": "0.28.7",
      "dotenv": "4.0.0",
      "dotenv-expand": "4.2.0",
      "eslint": "4.10.0",
      "eslint-config-react-app": "^2.1.0",
      "eslint-loader": "1.9.0",
      "eslint-plugin-flowtype": "2.39.1",
      "eslint-plugin-import": "2.8.0",
      "eslint-plugin-jsx-a11y": "5.1.1",
      "eslint-plugin-react": "7.4.0",
      "extract-text-webpack-plugin": "3.0.2",
      "file-loader": "1.1.5",
      "fs-extra": "3.0.1",
      "html-webpack-plugin": "2.29.0",
      "jest": "20.0.4",
      "object-assign": "4.1.1",
      "postcss-flexbugs-fixes": "3.2.0",
      "postcss-loader": "2.0.8",
      "promise": "8.0.1",
      "raf": "3.4.0",
      "react": "^16.4.2",
      "react-dev-utils": "^5.0.2",
      "react-dom": "^16.4.2",
      "react-router-dom": "^4.3.1",
      "react-router-transition": "^1.2.1",
      "resolve": "1.6.0",
      "style-loader": "0.19.0",
      "sw-precache-webpack-plugin": "0.11.4",
      "url-loader": "0.6.2",
      "webpack": "3.8.1",
      "webpack-dev-server": "2.11.3",
      "webpack-manifest-plugin": "1.3.2",
      "whatwg-fetch": "2.0.3"
    },
    "scripts": {
      "start": "node scripts/start.js",
      "build": "node scripts/build.js",
      "test": "node scripts/test.js --env=jsdom"
    },
    "devDependencies": {
      "react-redux": "^5.0.7",
      "redux": "^4.0.0"
    },
    "jest": {
      "collectCoverageFrom": [
        "src/**/*.{js,jsx,mjs}"
      ],
      "setupFiles": [
        "<rootDir>/config/polyfills.js"
      ],
      "testMatch": [
        "<rootDir>/src/**/__tests__/**/*.{js,jsx,mjs}",
        "<rootDir>/src/**/?(*.)(spec|test).{js,jsx,mjs}"
      ],
      "testEnvironment": "node",
      "testURL": "http://localhost",
      "transform": {
        "^.+\\.(js|jsx|mjs)$": "<rootDir>/node_modules/babel-jest",
        "^.+\\.css$": "<rootDir>/config/jest/cssTransform.js",
        "^(?!.*\\.(js|jsx|mjs|css|json)$)": "<rootDir>/config/jest/fileTransform.js"
      },
      "transformIgnorePatterns": [
        "[/\\\\]node_modules[/\\\\].+\\.(js|jsx|mjs)$"
      ],
      "moduleNameMapper": {
        "^react-native$": "react-native-web"
      },
      "moduleFileExtensions": [
        "web.js",
        "js",
        "json",
        "web.jsx",
        "jsx",
        "node",
        "mjs"
      ]
    },
    "babel": {
      "presets": [
        "react-app"
      ]
    },
    "eslintConfig": {
      "extends": "react-app"
    }
  }

yarn manifest: 
  No manifest

Lockfile: 
  No lockfile
